0 info it worked if it ends with ok
1 verbose cli [ '/usr/local/Cellar/node/5.1.0/bin/node',
1 verbose cli   '/usr/local/bin/npm',
1 verbose cli   'run',
1 verbose cli   'build-css' ]
2 info using npm@3.3.12
3 info using node@v5.1.0
4 verbose run-script [ 'prebuild-css', 'build-css', 'postbuild-css' ]
5 info lifecycle tp-static@1.0.0~prebuild-css: tp-static@1.0.0
6 silly lifecycle tp-static@1.0.0~prebuild-css: no script for prebuild-css, continuing
7 info lifecycle tp-static@1.0.0~build-css: tp-static@1.0.0
8 verbose lifecycle tp-static@1.0.0~build-css: unsafe-perm in lifecycle true
9 verbose lifecycle tp-static@1.0.0~build-css: PATH: /usr/local/lib/node_modules/npm/bin/node-gyp-bin:/Users/snarisi/Fullstack/tp-static/node_modules/.bin:/usr/local/bin:/usr/local/bin:/usr/bin:/bin:/usr/sbin:/sbin
10 verbose lifecycle tp-static@1.0.0~build-css: CWD: /Users/snarisi/Fullstack/tp-static
11 silly lifecycle tp-static@1.0.0~build-css: Args: [ '-c',
11 silly lifecycle   'node-sass --include-path assets/stylesheets/*.scss public/stylesheets' ]
12 silly lifecycle tp-static@1.0.0~build-css: Returned: code: 1  signal: null
13 info lifecycle tp-static@1.0.0~build-css: Failed to exec build-css script
14 verbose stack Error: tp-static@1.0.0 build-css: `node-sass --include-path assets/stylesheets/*.scss public/stylesheets`
14 verbose stack Exit status 1
14 verbose stack     at EventEmitter.<anonymous> (/usr/local/lib/node_modules/npm/lib/utils/lifecycle.js:232:16)
14 verbose stack     at emitTwo (events.js:87:13)
14 verbose stack     at EventEmitter.emit (events.js:172:7)
14 verbose stack     at ChildProcess.<anonymous> (/usr/local/lib/node_modules/npm/lib/utils/spawn.js:24:14)
14 verbose stack     at emitTwo (events.js:87:13)
14 verbose stack     at ChildProcess.emit (events.js:172:7)
14 verbose stack     at maybeClose (internal/child_process.js:818:16)
14 verbose stack     at Process.ChildProcess._handle.onexit (internal/child_process.js:211:5)
15 verbose pkgid tp-static@1.0.0
16 verbose cwd /Users/snarisi/Fullstack/tp-static
17 error Darwin 15.0.0
18 error argv "/usr/local/Cellar/node/5.1.0/bin/node" "/usr/local/bin/npm" "run" "build-css"
19 error node v5.1.0
20 error npm  v3.3.12
21 error code ELIFECYCLE
22 error tp-static@1.0.0 build-css: `node-sass --include-path assets/stylesheets/*.scss public/stylesheets`
22 error Exit status 1
23 error Failed at the tp-static@1.0.0 build-css script 'node-sass --include-path assets/stylesheets/*.scss public/stylesheets'.
23 error Make sure you have the latest version of node.js and npm installed.
23 error If you do, this is most likely a problem with the tp-static package,
23 error not with npm itself.
23 error Tell the author that this fails on your system:
23 error     node-sass --include-path assets/stylesheets/*.scss public/stylesheets
23 error You can get their info via:
23 error     npm owner ls tp-static
23 error There is likely additional logging output above.
24 verbose exit [ 1, true ]
